<?xml version="1.0" encoding="UTF-8"?>
<testsuite xmlns:xsi="http://www.w3.org/2001/XMLSchema-instance" xsi:noNamespaceSchemaLocation="https://maven.apache.org/surefire/maven-surefire-plugin/xsd/surefire-test-report-3.0.xsd" version="3.0" name="TestSuite" time="7.085" tests="7" errors="0" skipped="0" failures="1">
  <properties>
[...]
</properties>
  <testcase name="getResponseBody" classname="com.qa.test.REST_Assure_Get_Call" time="2.21"/>
  <testcase name="validate_get_all_headers" classname="com.qa.test.REST_Assure_Get_Call" time="0.609"/>
  <testcase name="validate_get_incorrect_response_status_code" classname="com.qa.test.REST_Assure_Get_Call" time="1.193"/>
  <testcase name="validate_get_incorrect_response_status_line" classname="com.qa.test.REST_Assure_Get_Call" time="0.573"/>
  <testcase name="validate_get_response_status_code" classname="com.qa.test.REST_Assure_Get_Call" time="0.577"/>
  <testcase name="validate_get_response_status_line" classname="com.qa.test.REST_Assure_Get_Call" time="0.582"/>
  <testcase name="validate_response_headers_using_lamda_expression" classname="com.qa.test.REST_Assure_Get_Call" time="0.607">
    <failure message="Header doesn&apos;t exists expected [true] but found [false]" type="java.lang.AssertionError">java.lang.AssertionError: Header doesn't exists expected [true] but found [false]
	at com.qa.test.REST_Assure_Get_Call.lambda$validate_response_headers_using_lamda_expression$1(REST_Assure_Get_Call.java:73)
	at com.qa.test.REST_Assure_Get_Call.validate_response_headers_using_lamda_expression(REST_Assure_Get_Call.java:71)
</failure>
  </testcase>
</testsuite>